<?xml version="1.0" encoding="UTF-8"?>
<!-- Generated by org.testng.reporters.JUnitReportReporter -->
<testsuite hostname="priyankas-MacBook-Air.local" failures="0" tests="1" name="demo.OpenBrowser" time="5.009" errors="0" timestamp="2023-03-08T15:49:07 IST" skipped="0">
  <testcase classname="demo.OpenBrowser" name="Traact" time="5.009"/>
  <system-out/>
</testsuite> <!-- demo.OpenBrowser -->
