<?xml version="1.0" encoding="UTF-8"?>
<!-- Generated by org.testng.reporters.JUnitReportReporter -->
<testsuite hostname="192.168.1.4" failures="0" tests="1" name="demo.OpenBrowser" time="5.009" errors="0" timestamp="2023-03-10T09:55:18 IST" skipped="0">
  <testcase classname="demo.OpenBrowser" name="Traact" time="5.009"/>
  <system-out/>
</testsuite> <!-- demo.OpenBrowser -->
